\BOOKMARK [0][-]{titlePage.0}{Title Page}{}% 1
\BOOKMARK [0][-]{Doc-Start}{Acknowledgments}{}% 2
\BOOKMARK [0][-]{TOC.0}{Table of Contents}{}% 3
\BOOKMARK [0][-]{chapter*.1}{List of Tables}{}% 4
\BOOKMARK [0][-]{chapter*.2}{List of Figures}{}% 5
\BOOKMARK [0][-]{chapter.1}{Practical Considerations Concerning Tensorflow}{}% 6
\BOOKMARK [1][-]{section.1.1}{Why Not Use Gradient Tape and TensorFlow-1-Stye Code?}{chapter.1}% 7
\BOOKMARK [1][-]{section.1.2}{Shared Weights Between Layers}{chapter.1}% 8
\BOOKMARK [1][-]{section.1.3}{A Note on Custom Gradients}{chapter.1}% 9
\BOOKMARK [1][-]{section.1.4}{Updating TensorFlow Variables After Applying Gradients}{chapter.1}% 10
\BOOKMARK [1][-]{section.1.5}{Other Considerations}{chapter.1}% 11
\BOOKMARK [0][-]{chapter.2}{Technical Approach}{}% 12
\BOOKMARK [1][-]{section.2.1}{Section}{chapter.2}% 13
\BOOKMARK [2][-]{subsection.2.1.1}{Example Subsection}{section.2.1}% 14
\BOOKMARK [0][-]{chapter.3}{Results}{}% 15
\BOOKMARK [0][-]{chapter.4}{Discussion}{}% 16
\BOOKMARK [0][-]{chapter.5}{Conclusion}{}% 17
\BOOKMARK [0][-]{Appendix.1.A}{Experimental Equipment}{}% 18
\BOOKMARK [0][-]{Appendix.1.B}{Data Processing}{}% 19
\BOOKMARK [0][-]{chapter*.6}{References}{}% 20
\BOOKMARK [0][-]{chapter*.7}{Vita}{}% 21
